TN:
SF:F:/QUEST/My__Apps__&__Projects/__PROJECTS/react-testing/src/Todo.jsx
FNF:0
FNH:0
DA:1,1
DA:5,5
DA:6,5
LF:3
LH:3
BRF:0
BRH:0
end_of_record
TN:
SF:F:/QUEST/My__Apps__&__Projects/__PROJECTS/react-testing/src/TodoInput.jsx
FN:4,TodoInput
FNF:1
FNH:1
FNDA:2,TodoInput
DA:1,1
DA:4,6
DA:6,2
DA:10,1
DA:16,1
DA:17,1
DA:21,4
LF:7
LH:7
BRDA:4,0,0,2
BRDA:4,0,1,0
BRF:2
BRH:1
end_of_record
TN:
SF:F:/QUEST/My__Apps__&__Projects/__PROJECTS/react-testing/src/TodoList.jsx
FN:10,(anonymous_10)
FNF:1
FNH:1
FNDA:3,(anonymous_10)
DA:1,1
DA:2,1
DA:6,2
DA:7,2
DA:10,3
LF:5
LH:5
BRF:0
BRH:0
end_of_record
TN:
SF:F:/QUEST/My__Apps__&__Projects/__PROJECTS/react-testing/src/ajax.js
FN:3,(anonymous_1)
FN:4,makeAjax
FNF:2
FNH:2
FNDA:1,(anonymous_1)
FNDA:1,makeAjax
DA:1,1
DA:3,1
DA:4,1
DA:5,1
DA:7,1
DA:10,1
LF:6
LH:6
BRF:0
BRH:0
end_of_record
TN:
SF:F:/QUEST/My__Apps__&__Projects/__PROJECTS/react-testing/src/reducer.js
FN:1,reducer
FN:10,(anonymous_1)
FNF:2
FNH:2
FNDA:3,reducer
FNDA:4,(anonymous_1)
DA:1,3
DA:2,3
DA:4,3
DA:6,1
DA:7,1
DA:8,1
DA:10,2
DA:11,4
DA:13,2
DA:15,0
LF:10
LH:9
BRDA:1,0,0,3
BRDA:1,0,1,0
BRDA:1,1,0,3
BRDA:1,1,1,3
BRDA:5,2,0,1
BRDA:5,2,1,2
BRDA:5,2,2,0
BRF:7
BRH:5
end_of_record
